<?xml version="1.0" encoding="UTF-8"?>
<!-- Generated by org.testng.reporters.JUnitXMLReporter -->
<testsuite hostname="BDTUDV31328" name="TestB" tests="2" failures="1" timestamp="15 Nov 2016 09:49:39 GMT" time="0.009" errors="0">
  <testcase name="testB2" time="0.003" classname="frameWork.DummyTestB">
    <failure type="java.lang.AssertionError" message="expected [true] but found [false]">
      <![CDATA[java.lang.AssertionError: expected [true] but found [false]
	at frameWork.DummyTestB.testB2(DummyTestB.java:14)
... Removed 28 stack frames]]>
    </failure>
  </testcase> <!-- testB2 -->
  <testcase name="testB1" time="0.0" classname="frameWork.DummyTestB">
    <skipped/>
  </testcase> <!-- testB1 -->
</testsuite> <!-- TestB -->
